<?xml version="1.0" encoding="UTF-8"?>
<!-- Generated by org.testng.reporters.JUnitXMLReporter -->
<testsuite hostname="DESKTOP-stas" ignored="0" name="SecondTest" tests="3" failures="0" timestamp="08 Aug 2019 07:20:05 GMT" time="0.008" errors="0">
  <testcase name="testLogin" time="0.001" classname="test_suite.TestNGtesting_1">
    <skipped/>
  </testcase> <!-- testLogin -->
  <testcase name="testLogin" time="0.0" classname="test_suite.TestNGtesting_1">
    <skipped/>
  </testcase> <!-- testLogin -->
  <testcase name="testLogin" time="0.0" classname="test_suite.TestNGtesting_1"/>
</testsuite> <!-- SecondTest -->
