<?xml version="1.0" encoding="UTF-8"?>
<!-- Generated by org.testng.reporters.JUnitXMLReporter -->
<testsuite hostname="macbooks-MacBook-Pro.local" ignored="1" name="Test_1" tests="8" failures="0" timestamp="14 Oct 2019 13:17:44 GMT" time="79.04" errors="0">
  <testcase name="goToFacebook" time="9.656" classname="core.test_scripts.Test_1"/>
  <testcase name="goToGoogle" time="7.251" classname="core.test_scripts.Test_1"/>
  <testcase name="goToYahoo" time="12.235" classname="core.test_scripts.Test_1"/>
  <testcase name="goToYouTube" time="9.031" classname="core.test_scripts.Test_1"/>
  <testcase name="goToFacebook" time="6.732" classname="core.test_scripts.Test_2"/>
  <testcase name="goToGoogle" time="7.295" classname="core.test_scripts.Test_2"/>
  <testcase name="goToYahoo" time="11.004" classname="core.test_scripts.Test_2"/>
  <testcase name="goToYouTube" time="7.227" classname="core.test_scripts.Test_2"/>
  <testcase name="@BeforeSuite beforeSuite" time="0.0" classname="core.test_base.TestBase">
    <ignored/>
  </testcase> <!-- @BeforeSuite beforeSuite -->
</testsuite> <!-- Test_1 -->
