<?xml version="1.0" encoding="UTF-8"?>
<!-- Generated by org.testng.reporters.JUnitXMLReporter -->
<testsuite hostname="macbooks-MacBook-Pro.local" ignored="2" name="Test_0" tests="20" failures="4" timestamp="04 Oct 2019 07:17:27 GMT" time="52.171" errors="0">
  <testcase name="@AfterClass tearDown" time="0.0" classname="core.test_base.TestBase">
    <failure type="java.lang.NullPointerException">
      <![CDATA[java.lang.NullPointerException
at core.test_base.TestBase.tearDown(TestBase.java:69)
... Removed 30 stack frames]]>
    </failure>
  </testcase> <!-- @AfterClass tearDown -->
  <testcase name="goToFacebook" time="10.323" classname="core.test_scripts.Test_1"/>
  <testcase name="goToGoogle" time="6.808" classname="core.test_scripts.Test_1"/>
  <testcase name="goToYahoo" time="12.568" classname="core.test_scripts.Test_1"/>
  <testcase name="goToYouTube" time="10.017" classname="core.test_scripts.Test_1"/>
  <testcase name="goToFacebook" time="0.001" classname="core.test_scripts.Test_2">
    <skipped/>
  </testcase> <!-- goToFacebook -->
  <testcase name="goToFacebook" time="0.001" classname="core.test_scripts.Test_2">
    <skipped/>
  </testcase> <!-- goToFacebook -->
  <testcase name="goToFacebook" time="0.0" classname="core.test_scripts.Test_2">
    <skipped/>
  </testcase> <!-- goToFacebook -->
  <testcase name="goToFacebook" time="0.0" classname="core.test_scripts.Test_2">
    <failure type="java.lang.NullPointerException">
      <![CDATA[java.lang.NullPointerException
at core.test_scripts.Test_2.goToFacebook(Test_2.java:25)
... Removed 29 stack frames]]>
    </failure>
  </testcase> <!-- goToFacebook -->
  <testcase name="goToGoogle" time="0.001" classname="core.test_scripts.Test_2">
    <skipped/>
  </testcase> <!-- goToGoogle -->
  <testcase name="goToGoogle" time="0.001" classname="core.test_scripts.Test_2">
    <skipped/>
  </testcase> <!-- goToGoogle -->
  <testcase name="goToGoogle" time="0.0" classname="core.test_scripts.Test_2">
    <skipped/>
  </testcase> <!-- goToGoogle -->
  <testcase name="goToGoogle" time="0.0" classname="core.test_scripts.Test_2">
    <failure type="java.lang.NullPointerException">
      <![CDATA[java.lang.NullPointerException
at core.test_scripts.Test_2.goToGoogle(Test_2.java:17)
... Removed 29 stack frames]]>
    </failure>
  </testcase> <!-- goToGoogle -->
  <testcase name="goToYahoo" time="0.001" classname="core.test_scripts.Test_2">
    <skipped/>
  </testcase> <!-- goToYahoo -->
  <testcase name="goToYahoo" time="0.0" classname="core.test_scripts.Test_2">
    <skipped/>
  </testcase> <!-- goToYahoo -->
  <testcase name="goToYahoo" time="0.001" classname="core.test_scripts.Test_2">
    <skipped/>
  </testcase> <!-- goToYahoo -->
  <testcase name="goToYahoo" time="0.001" classname="core.test_scripts.Test_2">
    <failure type="java.lang.NullPointerException">
      <![CDATA[java.lang.NullPointerException
at core.test_scripts.Test_2.goToYahoo(Test_2.java:33)
... Removed 29 stack frames]]>
    </failure>
  </testcase> <!-- goToYahoo -->
  <testcase name="goToYouTube" time="0.001" classname="core.test_scripts.Test_2">
    <skipped/>
  </testcase> <!-- goToYouTube -->
  <testcase name="goToYouTube" time="0.002" classname="core.test_scripts.Test_2">
    <skipped/>
  </testcase> <!-- goToYouTube -->
  <testcase name="goToYouTube" time="0.0" classname="core.test_scripts.Test_2">
    <skipped/>
  </testcase> <!-- goToYouTube -->
  <testcase name="goToYouTube" time="0.001" classname="core.test_scripts.Test_2">
    <failure type="java.lang.NullPointerException">
      <![CDATA[java.lang.NullPointerException
at core.test_scripts.Test_2.goToYouTube(Test_2.java:41)
... Removed 29 stack frames]]>
    </failure>
  </testcase> <!-- goToYouTube -->
  <testcase name="@BeforeTest beforeTest" time="0.0" classname="core.test_base.TestBase">
    <ignored/>
  </testcase> <!-- @BeforeTest beforeTest -->
  <testcase name="@BeforeSuite beforeSuite" time="0.0" classname="core.test_base.TestBase">
    <ignored/>
  </testcase> <!-- @BeforeSuite beforeSuite -->
</testsuite> <!-- Test_0 -->
