<?xml version="1.0" encoding="UTF-8"?>
<!-- Generated by org.testng.reporters.JUnitXMLReporter -->
<testsuite hostname="macbooks-MacBook-Pro.local" ignored="1" name="Test_0" tests="8" failures="0" timestamp="14 Oct 2019 13:16:25 GMT" time="85.298" errors="0">
  <testcase name="goToFacebook" time="9.55" classname="core.test_scripts.Test_1"/>
  <testcase name="goToGoogle" time="7.299" classname="core.test_scripts.Test_1"/>
  <testcase name="goToYahoo" time="12.213" classname="core.test_scripts.Test_1"/>
  <testcase name="goToYouTube" time="8.858" classname="core.test_scripts.Test_1"/>
  <testcase name="goToFacebook" time="9.019" classname="core.test_scripts.Test_2"/>
  <testcase name="goToGoogle" time="7.17" classname="core.test_scripts.Test_2"/>
  <testcase name="goToYahoo" time="10.997" classname="core.test_scripts.Test_2"/>
  <testcase name="goToYouTube" time="7.59" classname="core.test_scripts.Test_2"/>
  <testcase name="@BeforeSuite beforeSuite" time="0.0" classname="core.test_base.TestBase">
    <ignored/>
  </testcase> <!-- @BeforeSuite beforeSuite -->
</testsuite> <!-- Test_0 -->
