<?xml version="1.0" encoding="UTF-8"?>
<!-- Generated by org.testng.reporters.JUnitXMLReporter -->
<testsuite hostname="macbooks-MacBook-Pro.local" ignored="2" name="Test second" tests="8" failures="4" timestamp="15 Oct 2019 16:40:26 GMT" time="55.352" errors="0">
  <testcase name="goToFacebook" time="8.66" classname="core.test_scripts.Test_1"/>
  <testcase name="goToGoogle" time="5.194" classname="core.test_scripts.Test_1"/>
  <testcase name="goToYahoo" time="30.226" classname="core.test_scripts.Test_1"/>
  <testcase name="goToYouTube" time="5.975" classname="core.test_scripts.Test_1"/>
  <testcase name="goToFacebook" time="0.001" classname="core.test_scripts.Test_2">
    <failure type="java.lang.NullPointerException">
      <![CDATA[java.lang.NullPointerException
at core.test_scripts.Test_2.goToFacebook(Test_2.java:25)
... Removed 29 stack frames]]>
    </failure>
  </testcase> <!-- goToFacebook -->
  <testcase name="goToGoogle" time="0.0" classname="core.test_scripts.Test_2">
    <failure type="java.lang.NullPointerException">
      <![CDATA[java.lang.NullPointerException
at core.test_scripts.Test_2.goToGoogle(Test_2.java:17)
... Removed 29 stack frames]]>
    </failure>
  </testcase> <!-- goToGoogle -->
  <testcase name="goToYahoo" time="0.001" classname="core.test_scripts.Test_2">
    <failure type="java.lang.NullPointerException">
      <![CDATA[java.lang.NullPointerException
at core.test_scripts.Test_2.goToYahoo(Test_2.java:33)
... Removed 29 stack frames]]>
    </failure>
  </testcase> <!-- goToYahoo -->
  <testcase name="goToYouTube" time="0.001" classname="core.test_scripts.Test_2">
    <failure type="java.lang.NullPointerException">
      <![CDATA[java.lang.NullPointerException
at core.test_scripts.Test_2.goToYouTube(Test_2.java:41)
... Removed 29 stack frames]]>
    </failure>
  </testcase> <!-- goToYouTube -->
  <testcase name="@BeforeTest beforeTest" time="0.0" classname="core.test_base.TestBase">
    <ignored/>
  </testcase> <!-- @BeforeTest beforeTest -->
  <testcase name="@BeforeSuite beforeSuite" time="0.0" classname="core.test_base.TestBase">
    <ignored/>
  </testcase> <!-- @BeforeSuite beforeSuite -->
</testsuite> <!-- Test second -->
