<?xml version="1.0" encoding="UTF-8"?>
<!-- Generated by org.testng.reporters.JUnitXMLReporter -->
<testsuite hostname="macbooks-MacBook-Pro.local" ignored="2" name="Test_1" tests="8" failures="6" timestamp="04 Oct 2019 06:26:52 GMT" time="43.217" errors="0">
  <testcase name="goToFacebook" time="9.205" classname="core.test_scripts.Test_1">
    <failure type="java.lang.AssertionError" message="expected [true] but found [false]">
      <![CDATA[java.lang.AssertionError: expected [true] but found [false]
at core.helpers.assertion.AssertionHelper.makeFalse(AssertionHelper.java:32)
at core.test_scripts.Test_1.goToFacebook(Test_1.java:51)
... Removed 33 stack frames]]>
    </failure>
  </testcase> <!-- goToFacebook -->
  <testcase name="goToGoogle" time="5.999" classname="core.test_scripts.Test_1"/>
  <testcase name="goToYahoo" time="14.529" classname="core.test_scripts.Test_1">
    <failure type="java.lang.AssertionError" message="expected [true] but found [false]">
      <![CDATA[java.lang.AssertionError: expected [true] but found [false]
at core.helpers.assertion.AssertionHelper.makeFalse(AssertionHelper.java:32)
at core.test_scripts.Test_1.goToYahoo(Test_1.java:60)
... Removed 33 stack frames]]>
    </failure>
  </testcase> <!-- goToYahoo -->
  <testcase name="goToYouTube" time="8.177" classname="core.test_scripts.Test_1"/>
  <testcase name="goToFacebook" time="0.001" classname="core.test_scripts.Test_2">
    <failure type="java.lang.NullPointerException">
      <![CDATA[java.lang.NullPointerException
at core.test_scripts.Test_2.goToFacebook(Test_2.java:25)
... Removed 29 stack frames]]>
    </failure>
  </testcase> <!-- goToFacebook -->
  <testcase name="goToGoogle" time="0.0" classname="core.test_scripts.Test_2">
    <failure type="java.lang.NullPointerException">
      <![CDATA[java.lang.NullPointerException
at core.test_scripts.Test_2.goToGoogle(Test_2.java:17)
... Removed 29 stack frames]]>
    </failure>
  </testcase> <!-- goToGoogle -->
  <testcase name="goToYahoo" time="0.0" classname="core.test_scripts.Test_2">
    <failure type="java.lang.NullPointerException">
      <![CDATA[java.lang.NullPointerException
at core.test_scripts.Test_2.goToYahoo(Test_2.java:33)
... Removed 29 stack frames]]>
    </failure>
  </testcase> <!-- goToYahoo -->
  <testcase name="goToYouTube" time="0.001" classname="core.test_scripts.Test_2">
    <failure type="java.lang.NullPointerException">
      <![CDATA[java.lang.NullPointerException
at core.test_scripts.Test_2.goToYouTube(Test_2.java:41)
... Removed 29 stack frames]]>
    </failure>
  </testcase> <!-- goToYouTube -->
  <testcase name="@BeforeTest beforeTest" time="0.0" classname="core.test_base.TestBase">
    <ignored/>
  </testcase> <!-- @BeforeTest beforeTest -->
  <testcase name="@BeforeSuite beforeSuite" time="0.0" classname="core.test_base.TestBase">
    <ignored/>
  </testcase> <!-- @BeforeSuite beforeSuite -->
</testsuite> <!-- Test_1 -->
