<?xml version="1.0" encoding="UTF-8"?>
<testsuite xmlns:xsi="http://www.w3.org/2001/XMLSchema-instance" xsi:noNamespaceSchemaLocation="https://maven.apache.org/surefire/maven-surefire-plugin/xsd/surefire-test-report-3.0.xsd" version="3.0" name="TestSuite" time="226.905" tests="28" errors="0" skipped="12" failures="8">
  <properties>
[...]
</properties>
  <testcase name="goToFacebook" classname="core.test_scripts.Test_1" time="75.351"/>
  <testcase name="goToFacebook" classname="core.test_scripts.Test_1" time="8.66"/>
  <testcase name="goToGoogle" classname="core.test_scripts.Test_1" time="5.269"/>
  <testcase name="goToGoogle" classname="core.test_scripts.Test_1" time="5.194"/>
  <testcase name="goToYahoo" classname="core.test_scripts.Test_1" time="76.237"/>
  <testcase name="goToYahoo" classname="core.test_scripts.Test_1" time="30.227"/>
  <testcase name="goToYouTube" classname="core.test_scripts.Test_1" time="6.07"/>
  <testcase name="goToYouTube" classname="core.test_scripts.Test_1" time="5.975"/>
  <testcase name="goToFacebook" classname="core.test_scripts.Test_2" time="0">
    <skipped/>
    <system-out><![CDATA[10-15-2019 19:39:29 :: [core.helpers.listener.ExtentListener - onTestSuccess][INFO ] - goToYouTube Test Passed 
10-15-2019 19:39:30 :: [core.test_base.TestBase - captureScreenShot][INFO ] - Taking a pass <<<<<<<<<===============>>>>>>>>>>>
/Users/Stan/IdeaProjects/workablereposelenium/src/main/java/core/screenshots/goToYouTube_15_10_2019_07_39_29.jpg
10-15-2019 19:39:30 :: [core.test_base.TestBase - afterMethod][INFO ] - <<Adding ScreenShot to report file ...>>>
10-15-2019 19:39:30 :: [core.helpers.listener.ExtentListener - onTestStart][INFO ] - goToFacebook Test Started 
10-15-2019 19:39:30 :: [core.helpers.listener.Retry - retry][INFO ] - Retrying test goToFacebook with status FAILURE for the 1 times.
]]></system-out>
  </testcase>
  <testcase name="goToFacebook" classname="core.test_scripts.Test_2" time="0">
    <skipped/>
    <system-out><![CDATA[10-15-2019 19:39:30 :: [core.helpers.listener.ExtentListener - onTestSkipped][WARN ] - goToFacebook Test Skipped java.lang.NullPointerException
10-15-2019 19:39:30 :: [core.test_base.TestBase - afterMethod][INFO ] - <<Skipping...>>>
10-15-2019 19:39:30 :: [core.helpers.listener.ExtentListener - onTestStart][INFO ] - goToFacebook Test Started 
10-15-2019 19:39:30 :: [core.helpers.listener.Retry - retry][INFO ] - Retrying test goToFacebook with status FAILURE for the 2 times.
]]></system-out>
  </testcase>
  <testcase name="goToFacebook" classname="core.test_scripts.Test_2" time="0">
    <skipped/>
    <system-out><![CDATA[10-15-2019 19:39:30 :: [core.helpers.listener.ExtentListener - onTestSkipped][WARN ] - goToFacebook Test Skipped java.lang.NullPointerException
10-15-2019 19:39:30 :: [core.test_base.TestBase - afterMethod][INFO ] - <<Skipping...>>>
10-15-2019 19:39:30 :: [core.helpers.listener.ExtentListener - onTestStart][INFO ] - goToFacebook Test Started 
10-15-2019 19:39:30 :: [core.helpers.listener.Retry - retry][INFO ] - Retrying test goToFacebook with status FAILURE for the 3 times.
]]></system-out>
  </testcase>
  <testcase name="goToFacebook" classname="core.test_scripts.Test_2" time="0.01">
    <failure type="java.lang.NullPointerException">java.lang.NullPointerException
	at core.test_scripts.Test_2.goToFacebook(Test_2.java:25)
</failure>
    <system-out><![CDATA[10-15-2019 19:39:30 :: [core.helpers.listener.ExtentListener - onTestSkipped][WARN ] - goToFacebook Test Skipped java.lang.NullPointerException
10-15-2019 19:39:30 :: [core.test_base.TestBase - afterMethod][INFO ] - <<Skipping...>>>
10-15-2019 19:39:30 :: [core.helpers.listener.ExtentListener - onTestStart][INFO ] - goToFacebook Test Started 
]]></system-out>
  </testcase>
  <testcase name="goToFacebook" classname="core.test_scripts.Test_2" time="0.001">
    <failure type="java.lang.NullPointerException">java.lang.NullPointerException
	at core.test_scripts.Test_2.goToFacebook(Test_2.java:25)
</failure>
    <system-out><![CDATA[10-15-2019 19:40:25 :: [core.helpers.listener.ExtentListener - onTestSuccess][INFO ] - goToYouTube Test Passed 
10-15-2019 19:40:26 :: [core.test_base.TestBase - captureScreenShot][INFO ] - Taking a pass <<<<<<<<<===============>>>>>>>>>>>
/Users/Stan/IdeaProjects/workablereposelenium/src/main/java/core/screenshots/goToYouTube_15_10_2019_07_40_25.jpg
10-15-2019 19:40:26 :: [core.test_base.TestBase - afterMethod][INFO ] - <<Adding ScreenShot to report file ...>>>
10-15-2019 19:40:26 :: [core.helpers.listener.ExtentListener - onTestStart][INFO ] - goToFacebook Test Started 
]]></system-out>
  </testcase>
  <testcase name="goToGoogle" classname="core.test_scripts.Test_2" time="0">
    <skipped/>
    <system-out><![CDATA[10-15-2019 19:39:30 :: [core.helpers.listener.ExtentListener - onTestFailure][ERROR] - goToFacebook Test Failed java.lang.NullPointerException
10-15-2019 19:39:30 :: [core.test_base.TestBase - captureScreenShot][INFO ] - Driver is null...
10-15-2019 19:39:30 :: [core.test_base.TestBase - afterMethod][INFO ] - <<< Report: failed  ******************************************************* >>>
10-15-2019 19:39:30 :: [core.helpers.listener.ExtentListener - onTestStart][INFO ] - goToGoogle Test Started 
10-15-2019 19:39:30 :: [core.helpers.listener.Retry - retry][INFO ] - Retrying test goToGoogle with status FAILURE for the 1 times.
]]></system-out>
  </testcase>
  <testcase name="goToGoogle" classname="core.test_scripts.Test_2" time="0">
    <skipped/>
    <system-out><![CDATA[10-15-2019 19:39:30 :: [core.helpers.listener.ExtentListener - onTestSkipped][WARN ] - goToGoogle Test Skipped java.lang.NullPointerException
10-15-2019 19:39:30 :: [core.test_base.TestBase - afterMethod][INFO ] - <<Skipping...>>>
10-15-2019 19:39:30 :: [core.helpers.listener.ExtentListener - onTestStart][INFO ] - goToGoogle Test Started 
10-15-2019 19:39:30 :: [core.helpers.listener.Retry - retry][INFO ] - Retrying test goToGoogle with status FAILURE for the 2 times.
]]></system-out>
  </testcase>
  <testcase name="goToGoogle" classname="core.test_scripts.Test_2" time="0">
    <skipped/>
    <system-out><![CDATA[10-15-2019 19:39:30 :: [core.helpers.listener.ExtentListener - onTestSkipped][WARN ] - goToGoogle Test Skipped java.lang.NullPointerException
10-15-2019 19:39:30 :: [core.test_base.TestBase - afterMethod][INFO ] - <<Skipping...>>>
10-15-2019 19:39:30 :: [core.helpers.listener.ExtentListener - onTestStart][INFO ] - goToGoogle Test Started 
10-15-2019 19:39:30 :: [core.helpers.listener.Retry - retry][INFO ] - Retrying test goToGoogle with status FAILURE for the 3 times.
]]></system-out>
  </testcase>
  <testcase name="goToGoogle" classname="core.test_scripts.Test_2" time="0">
    <failure type="java.lang.NullPointerException">java.lang.NullPointerException
	at core.test_scripts.Test_2.goToGoogle(Test_2.java:17)
</failure>
    <system-out><![CDATA[10-15-2019 19:39:30 :: [core.helpers.listener.ExtentListener - onTestSkipped][WARN ] - goToGoogle Test Skipped java.lang.NullPointerException
10-15-2019 19:39:30 :: [core.test_base.TestBase - afterMethod][INFO ] - <<Skipping...>>>
10-15-2019 19:39:30 :: [core.helpers.listener.ExtentListener - onTestStart][INFO ] - goToGoogle Test Started 
]]></system-out>
  </testcase>
  <testcase name="goToGoogle" classname="core.test_scripts.Test_2" time="0">
    <failure type="java.lang.NullPointerException">java.lang.NullPointerException
	at core.test_scripts.Test_2.goToGoogle(Test_2.java:17)
</failure>
    <system-out><![CDATA[10-15-2019 19:40:26 :: [core.helpers.listener.ExtentListener - onTestFailure][ERROR] - goToFacebook Test Failed java.lang.NullPointerException
10-15-2019 19:40:26 :: [core.test_base.TestBase - captureScreenShot][INFO ] - Driver is null...
10-15-2019 19:40:26 :: [core.test_base.TestBase - afterMethod][INFO ] - <<< Report: failed  ******************************************************* >>>
10-15-2019 19:40:26 :: [core.helpers.listener.ExtentListener - onTestStart][INFO ] - goToGoogle Test Started 
]]></system-out>
  </testcase>
  <testcase name="goToYahoo" classname="core.test_scripts.Test_2" time="0">
    <skipped/>
    <system-out><![CDATA[10-15-2019 19:39:30 :: [core.helpers.listener.ExtentListener - onTestFailure][ERROR] - goToGoogle Test Failed java.lang.NullPointerException
10-15-2019 19:39:30 :: [core.test_base.TestBase - captureScreenShot][INFO ] - Driver is null...
10-15-2019 19:39:30 :: [core.test_base.TestBase - afterMethod][INFO ] - <<< Report: failed  ******************************************************* >>>
10-15-2019 19:39:30 :: [core.helpers.listener.ExtentListener - onTestStart][INFO ] - goToYahoo Test Started 
10-15-2019 19:39:30 :: [core.helpers.listener.Retry - retry][INFO ] - Retrying test goToYahoo with status FAILURE for the 1 times.
]]></system-out>
  </testcase>
  <testcase name="goToYahoo" classname="core.test_scripts.Test_2" time="0">
    <skipped/>
    <system-out><![CDATA[10-15-2019 19:39:30 :: [core.helpers.listener.ExtentListener - onTestSkipped][WARN ] - goToYahoo Test Skipped java.lang.NullPointerException
10-15-2019 19:39:30 :: [core.test_base.TestBase - afterMethod][INFO ] - <<Skipping...>>>
10-15-2019 19:39:30 :: [core.helpers.listener.ExtentListener - onTestStart][INFO ] - goToYahoo Test Started 
10-15-2019 19:39:30 :: [core.helpers.listener.Retry - retry][INFO ] - Retrying test goToYahoo with status FAILURE for the 2 times.
]]></system-out>
  </testcase>
  <testcase name="goToYahoo" classname="core.test_scripts.Test_2" time="0">
    <skipped/>
    <system-out><![CDATA[10-15-2019 19:39:30 :: [core.helpers.listener.ExtentListener - onTestSkipped][WARN ] - goToYahoo Test Skipped java.lang.NullPointerException
10-15-2019 19:39:30 :: [core.test_base.TestBase - afterMethod][INFO ] - <<Skipping...>>>
10-15-2019 19:39:30 :: [core.helpers.listener.ExtentListener - onTestStart][INFO ] - goToYahoo Test Started 
10-15-2019 19:39:30 :: [core.helpers.listener.Retry - retry][INFO ] - Retrying test goToYahoo with status FAILURE for the 3 times.
]]></system-out>
  </testcase>
  <testcase name="goToYahoo" classname="core.test_scripts.Test_2" time="0.001">
    <failure type="java.lang.NullPointerException">java.lang.NullPointerException
	at core.test_scripts.Test_2.goToYahoo(Test_2.java:33)
</failure>
    <system-out><![CDATA[10-15-2019 19:39:30 :: [core.helpers.listener.ExtentListener - onTestSkipped][WARN ] - goToYahoo Test Skipped java.lang.NullPointerException
10-15-2019 19:39:30 :: [core.test_base.TestBase - afterMethod][INFO ] - <<Skipping...>>>
10-15-2019 19:39:30 :: [core.helpers.listener.ExtentListener - onTestStart][INFO ] - goToYahoo Test Started 
]]></system-out>
  </testcase>
  <testcase name="goToYahoo" classname="core.test_scripts.Test_2" time="0.001">
    <failure type="java.lang.NullPointerException">java.lang.NullPointerException
	at core.test_scripts.Test_2.goToYahoo(Test_2.java:33)
</failure>
    <system-out><![CDATA[10-15-2019 19:40:26 :: [core.helpers.listener.ExtentListener - onTestFailure][ERROR] - goToGoogle Test Failed java.lang.NullPointerException
10-15-2019 19:40:26 :: [core.test_base.TestBase - captureScreenShot][INFO ] - Driver is null...
10-15-2019 19:40:26 :: [core.test_base.TestBase - afterMethod][INFO ] - <<< Report: failed  ******************************************************* >>>
10-15-2019 19:40:26 :: [core.helpers.listener.ExtentListener - onTestStart][INFO ] - goToYahoo Test Started 
]]></system-out>
  </testcase>
  <testcase name="goToYouTube" classname="core.test_scripts.Test_2" time="0">
    <skipped/>
    <system-out><![CDATA[10-15-2019 19:39:30 :: [core.helpers.listener.ExtentListener - onTestFailure][ERROR] - goToYahoo Test Failed java.lang.NullPointerException
10-15-2019 19:39:30 :: [core.test_base.TestBase - captureScreenShot][INFO ] - Driver is null...
10-15-2019 19:39:30 :: [core.test_base.TestBase - afterMethod][INFO ] - <<< Report: failed  ******************************************************* >>>
10-15-2019 19:39:30 :: [core.helpers.listener.ExtentListener - onTestStart][INFO ] - goToYouTube Test Started 
10-15-2019 19:39:30 :: [core.helpers.listener.Retry - retry][INFO ] - Retrying test goToYouTube with status FAILURE for the 1 times.
]]></system-out>
  </testcase>
  <testcase name="goToYouTube" classname="core.test_scripts.Test_2" time="0">
    <skipped/>
    <system-out><![CDATA[10-15-2019 19:39:30 :: [core.helpers.listener.ExtentListener - onTestSkipped][WARN ] - goToYouTube Test Skipped java.lang.NullPointerException
10-15-2019 19:39:30 :: [core.test_base.TestBase - afterMethod][INFO ] - <<Skipping...>>>
10-15-2019 19:39:30 :: [core.helpers.listener.ExtentListener - onTestStart][INFO ] - goToYouTube Test Started 
10-15-2019 19:39:30 :: [core.helpers.listener.Retry - retry][INFO ] - Retrying test goToYouTube with status FAILURE for the 2 times.
]]></system-out>
  </testcase>
  <testcase name="goToYouTube" classname="core.test_scripts.Test_2" time="0">
    <skipped/>
    <system-out><![CDATA[10-15-2019 19:39:30 :: [core.helpers.listener.ExtentListener - onTestSkipped][WARN ] - goToYouTube Test Skipped java.lang.NullPointerException
10-15-2019 19:39:30 :: [core.test_base.TestBase - afterMethod][INFO ] - <<Skipping...>>>
10-15-2019 19:39:31 :: [core.helpers.listener.ExtentListener - onTestStart][INFO ] - goToYouTube Test Started 
10-15-2019 19:39:31 :: [core.helpers.listener.Retry - retry][INFO ] - Retrying test goToYouTube with status FAILURE for the 3 times.
]]></system-out>
  </testcase>
  <testcase name="goToYouTube" classname="core.test_scripts.Test_2" time="0.001">
    <failure type="java.lang.NullPointerException">java.lang.NullPointerException
	at core.test_scripts.Test_2.goToYouTube(Test_2.java:41)
</failure>
    <system-out><![CDATA[10-15-2019 19:39:31 :: [core.helpers.listener.ExtentListener - onTestSkipped][WARN ] - goToYouTube Test Skipped java.lang.NullPointerException
10-15-2019 19:39:31 :: [core.test_base.TestBase - afterMethod][INFO ] - <<Skipping...>>>
10-15-2019 19:39:31 :: [core.helpers.listener.ExtentListener - onTestStart][INFO ] - goToYouTube Test Started 
]]></system-out>
  </testcase>
  <testcase name="goToYouTube" classname="core.test_scripts.Test_2" time="0.001">
    <failure type="java.lang.NullPointerException">java.lang.NullPointerException
	at core.test_scripts.Test_2.goToYouTube(Test_2.java:41)
</failure>
    <system-out><![CDATA[10-15-2019 19:40:26 :: [core.helpers.listener.ExtentListener - onTestFailure][ERROR] - goToYahoo Test Failed java.lang.NullPointerException
10-15-2019 19:40:26 :: [core.test_base.TestBase - captureScreenShot][INFO ] - Driver is null...
10-15-2019 19:40:26 :: [core.test_base.TestBase - afterMethod][INFO ] - <<< Report: failed  ******************************************************* >>>
10-15-2019 19:40:26 :: [core.helpers.listener.ExtentListener - onTestStart][INFO ] - goToYouTube Test Started 
]]></system-out>
  </testcase>
</testsuite>