<?xml version="1.0" encoding="UTF-8"?>
<testsuite xmlns:xsi="http://www.w3.org/2001/XMLSchema-instance" xsi:noNamespaceSchemaLocation="https://maven.apache.org/surefire/maven-surefire-plugin/xsd/surefire-test-report-3.0.xsd" version="3.0" name="TestSuite" time="210.356" tests="34" errors="0" skipped="18" failures="12">
  <properties>
[...]
</properties>
  <testcase name="goToFacebook" classname="core.test_scripts.Test_1" time="0">
    <skipped message="expected [true] but found [false]"/>
    <system-out><![CDATA[10-04-2019 09:23:22 :: [core.helpers.listener.ExtentListener - onStart][INFO ] - Test_0 Class Started...
10-04-2019 09:23:24 :: [core.test_base.TestBase - setUpDriver][INFO ] - Initialize Web driver: 884860061
10-04-2019 09:23:24 :: [core.helpers.wait.WaitHelper - setImpicitWait][INFO ] - Implicit Wait has been set to: 120
10-04-2019 09:23:24 :: [core.helpers.wait.WaitHelper - pageLoadTime][INFO ] - Waiting for page to load for : SECONDS seconds
10-04-2019 09:23:24 :: [core.helpers.wait.WaitHelper - pageLoadTime][INFO ] - Page is loaded
10-04-2019 09:23:24 :: [core.helpers.listener.ExtentListener - onTestStart][INFO ] - goToFacebook Test Started 
10-04-2019 09:23:34 :: [core.helpers.assertion.AssertionHelper - makeFalse][INFO ] - Making script FAIL..
10-04-2019 09:23:34 :: [core.helpers.listener.Retry - retry][INFO ] - Retrying test goToFacebook with status FAILURE for the 1 times.
]]></system-out>
    <system-err><![CDATA[Oct 04, 2019 9:23:22 AM org.openqa.selenium.remote.DesiredCapabilities chrome
INFO: Using `new ChromeOptions()` is preferred to `DesiredCapabilities.chrome()`
Starting ChromeDriver 77.0.3865.40 (f484704e052e0b556f8030b65b953dce96503217-refs/branch-heads/3865@{#442}) on port 26318
Only local connections are allowed.
Please protect ports used by ChromeDriver and related test frameworks to prevent access by malicious code.
Oct 04, 2019 9:23:24 AM org.openqa.selenium.remote.ProtocolHandshake createSession
INFO: Detected dialect: W3C
]]></system-err>
  </testcase>
  <testcase name="goToFacebook" classname="core.test_scripts.Test_1" time="0">
    <skipped message="expected [true] but found [false]"/>
    <system-out><![CDATA[10-04-2019 09:23:34 :: [core.helpers.listener.ExtentListener - onTestSkipped][WARN ] - goToFacebook Test Skipped java.lang.AssertionError: expected [true] but found [false]
10-04-2019 09:23:34 :: [core.test_base.TestBase - afterMethod][INFO ] - <<Skipping...>>>
10-04-2019 09:23:35 :: [core.helpers.listener.ExtentListener - onTestStart][INFO ] - goToFacebook Test Started 
10-04-2019 09:23:41 :: [core.helpers.assertion.AssertionHelper - makeFalse][INFO ] - Making script FAIL..
10-04-2019 09:23:41 :: [core.helpers.listener.Retry - retry][INFO ] - Retrying test goToFacebook with status FAILURE for the 2 times.
]]></system-out>
  </testcase>
  <testcase name="goToFacebook" classname="core.test_scripts.Test_1" time="0">
    <skipped message="expected [true] but found [false]"/>
    <system-out><![CDATA[10-04-2019 09:23:41 :: [core.helpers.listener.ExtentListener - onTestSkipped][WARN ] - goToFacebook Test Skipped java.lang.AssertionError: expected [true] but found [false]
10-04-2019 09:23:41 :: [core.test_base.TestBase - afterMethod][INFO ] - <<Skipping...>>>
10-04-2019 09:23:41 :: [core.helpers.listener.ExtentListener - onTestStart][INFO ] - goToFacebook Test Started 
10-04-2019 09:23:47 :: [core.helpers.assertion.AssertionHelper - makeFalse][INFO ] - Making script FAIL..
10-04-2019 09:23:47 :: [core.helpers.listener.Retry - retry][INFO ] - Retrying test goToFacebook with status FAILURE for the 3 times.
]]></system-out>
  </testcase>
  <testcase name="goToFacebook" classname="core.test_scripts.Test_1" time="6.028">
    <failure message="expected [true] but found [false]" type="java.lang.AssertionError">java.lang.AssertionError: expected [true] but found [false]
	at core.test_scripts.Test_1.goToFacebook(Test_1.java:51)
</failure>
    <system-out><![CDATA[10-04-2019 09:23:47 :: [core.helpers.listener.ExtentListener - onTestSkipped][WARN ] - goToFacebook Test Skipped java.lang.AssertionError: expected [true] but found [false]
10-04-2019 09:23:47 :: [core.test_base.TestBase - afterMethod][INFO ] - <<Skipping...>>>
10-04-2019 09:23:47 :: [core.helpers.listener.ExtentListener - onTestStart][INFO ] - goToFacebook Test Started 
10-04-2019 09:23:53 :: [core.helpers.assertion.AssertionHelper - makeFalse][INFO ] - Making script FAIL..
]]></system-out>
  </testcase>
  <testcase name="goToFacebook" classname="core.test_scripts.Test_1" time="9.206">
    <failure message="expected [true] but found [false]" type="java.lang.AssertionError">java.lang.AssertionError: expected [true] but found [false]
	at core.test_scripts.Test_1.goToFacebook(Test_1.java:51)
</failure>
    <system-out><![CDATA[10-04-2019 09:26:08 :: [core.helpers.listener.ExtentListener - onTestFailure][ERROR] - goToYouTube Test Failed java.lang.NullPointerException
10-04-2019 09:26:08 :: [core.test_base.TestBase - captureScreenShot][INFO ] - Driver is null...
10-04-2019 09:26:08 :: [core.test_base.TestBase - afterMethod][INFO ] - <<< ******************************************************* >>>
10-04-2019 09:26:08 :: [core.helpers.listener.ExtentListener - onFinish][INFO ] - Test_0 Test Finished.
10-04-2019 09:26:08 :: [core.helpers.listener.ExtentListener - onStart][INFO ] - Test_1 Class Started...
10-04-2019 09:26:10 :: [core.test_base.TestBase - setUpDriver][INFO ] - Initialize Web driver: 567852222
10-04-2019 09:26:10 :: [core.helpers.wait.WaitHelper - setImpicitWait][INFO ] - Implicit Wait has been set to: 120
10-04-2019 09:26:10 :: [core.helpers.wait.WaitHelper - pageLoadTime][INFO ] - Waiting for page to load for : SECONDS seconds
10-04-2019 09:26:10 :: [core.helpers.wait.WaitHelper - pageLoadTime][INFO ] - Page is loaded
10-04-2019 09:26:10 :: [core.helpers.listener.ExtentListener - onTestStart][INFO ] - goToFacebook Test Started 
10-04-2019 09:26:19 :: [core.helpers.assertion.AssertionHelper - makeFalse][INFO ] - Making script FAIL..
]]></system-out>
    <system-err><![CDATA[Oct 04, 2019 9:26:08 AM org.openqa.selenium.remote.DesiredCapabilities chrome
INFO: Using `new ChromeOptions()` is preferred to `DesiredCapabilities.chrome()`
Starting ChromeDriver 77.0.3865.40 (f484704e052e0b556f8030b65b953dce96503217-refs/branch-heads/3865@{#442}) on port 11401
Only local connections are allowed.
Please protect ports used by ChromeDriver and related test frameworks to prevent access by malicious code.
Oct 04, 2019 9:26:10 AM org.openqa.selenium.remote.ProtocolHandshake createSession
INFO: Detected dialect: W3C
]]></system-err>
  </testcase>
  <testcase name="goToGoogle" classname="core.test_scripts.Test_1" time="7.066"/>
  <testcase name="goToGoogle" classname="core.test_scripts.Test_1" time="6"/>
  <testcase name="goToYahoo" classname="core.test_scripts.Test_1" time="0">
    <skipped message="expected [true] but found [false]"/>
    <system-out><![CDATA[10-04-2019 09:24:01 :: [core.helpers.listener.ExtentListener - onTestSuccess][INFO ] - goToGoogle Test Passed 
10-04-2019 09:24:02 :: [core.test_base.TestBase - captureScreenShot][INFO ] - Taking a pass <<<<<<<<<===============>>>>>>>>>>>
/Users/Stan/IdeaProjects/workablereposelenium\src\main\java\core\screenshots\/goToGoogle_04_10_2019_09_24_01.png
10-04-2019 09:24:02 :: [core.test_base.TestBase - afterMethod][INFO ] - <<Adding ScreenShot...>>>
10-04-2019 09:24:02 :: [core.helpers.listener.ExtentListener - onTestStart][INFO ] - goToYahoo Test Started 
10-04-2019 09:24:34 :: [core.helpers.assertion.AssertionHelper - makeFalse][INFO ] - Making script FAIL..
10-04-2019 09:24:34 :: [core.helpers.listener.Retry - retry][INFO ] - Retrying test goToYahoo with status FAILURE for the 1 times.
]]></system-out>
    <system-err><![CDATA[java.nio.file.NoSuchFileException: /Users/Stan/IdeaProjects/workablereposelenium\src\main\java\core\screenshots\/goToGoogle_04_10_2019_09_24_01.png
	at sun.nio.fs.UnixException.translateToIOException(UnixException.java:86)
	at sun.nio.fs.UnixException.rethrowAsIOException(UnixException.java:102)
	at sun.nio.fs.UnixException.rethrowAsIOException(UnixException.java:107)
	at sun.nio.fs.UnixCopyFile.copyFile(UnixCopyFile.java:243)
	at sun.nio.fs.UnixCopyFile.copy(UnixCopyFile.java:581)
	at sun.nio.fs.UnixFileSystemProvider.copy(UnixFileSystemProvider.java:253)
	at java.nio.file.Files.copy(Files.java:1274)
	at core.test_base.TestBase.captureScreenShot(TestBase.java:197)
	at core.test_base.TestBase.afterMethod(TestBase.java:118)
	at sun.reflect.NativeMethodAccessorImpl.invoke0(Native Method)
	at sun.reflect.NativeMethodAccessorImpl.invoke(NativeMethodAccessorImpl.java:62)
	at sun.reflect.DelegatingMethodAccessorImpl.invoke(DelegatingMethodAccessorImpl.java:43)
	at java.lang.reflect.Method.invoke(Method.java:498)
	at org.testng.internal.MethodInvocationHelper.invokeMethod(MethodInvocationHelper.java:124)
	at org.testng.internal.MethodInvocationHelper.invokeMethodConsideringTimeout(MethodInvocationHelper.java:59)
	at org.testng.internal.Invoker.invokeConfigurationMethod(Invoker.java:458)
	at org.testng.internal.Invoker.invokeConfigurations(Invoker.java:222)
	at org.testng.internal.Invoker.invokeMethod(Invoker.java:646)
	at org.testng.internal.Invoker.invokeTestMethod(Invoker.java:719)
	at org.testng.internal.Invoker.invokeTestMethods(Invoker.java:989)
	at org.testng.internal.TestMethodWorker.invokeTestMethods(TestMethodWorker.java:125)
	at org.testng.internal.TestMethodWorker.run(TestMethodWorker.java:109)
	at org.testng.TestRunner.privateRun(TestRunner.java:648)
	at org.testng.TestRunner.run(TestRunner.java:505)
	at org.testng.SuiteRunner.runTest(SuiteRunner.java:455)
	at org.testng.SuiteRunner.runSequentially(SuiteRunner.java:450)
	at org.testng.SuiteRunner.privateRun(SuiteRunner.java:415)
	at org.testng.SuiteRunner.run(SuiteRunner.java:364)
	at org.testng.SuiteRunnerWorker.runSuite(SuiteRunnerWorker.java:52)
	at org.testng.SuiteRunnerWorker.run(SuiteRunnerWorker.java:84)
	at org.testng.TestNG.runSuitesSequentially(TestNG.java:1208)
	at org.testng.TestNG.runSuitesLocally(TestNG.java:1137)
	at org.testng.TestNG.runSuites(TestNG.java:1049)
	at org.testng.TestNG.run(TestNG.java:1017)
	at org.apache.maven.surefire.testng.TestNGExecutor.run(TestNGExecutor.java:283)
	at org.apache.maven.surefire.testng.TestNGXmlTestSuite.execute(TestNGXmlTestSuite.java:75)
	at org.apache.maven.surefire.testng.TestNGProvider.invoke(TestNGProvider.java:120)
	at org.apache.maven.surefire.booter.ForkedBooter.invokeProviderInSameClassLoader(ForkedBooter.java:384)
	at org.apache.maven.surefire.booter.ForkedBooter.runSuitesInProcess(ForkedBooter.java:345)
	at org.apache.maven.surefire.booter.ForkedBooter.execute(ForkedBooter.java:126)
	at org.apache.maven.surefire.booter.ForkedBooter.main(ForkedBooter.java:418)
]]></system-err>
  </testcase>
  <testcase name="goToYahoo" classname="core.test_scripts.Test_1" time="0">
    <skipped message="expected [true] but found [false]"/>
    <system-out><![CDATA[10-04-2019 09:24:34 :: [core.helpers.listener.ExtentListener - onTestSkipped][WARN ] - goToYahoo Test Skipped java.lang.AssertionError: expected [true] but found [false]
10-04-2019 09:24:34 :: [core.test_base.TestBase - afterMethod][INFO ] - <<Skipping...>>>
10-04-2019 09:24:34 :: [core.helpers.listener.ExtentListener - onTestStart][INFO ] - goToYahoo Test Started 
10-04-2019 09:24:42 :: [core.helpers.assertion.AssertionHelper - makeFalse][INFO ] - Making script FAIL..
10-04-2019 09:24:42 :: [core.helpers.listener.Retry - retry][INFO ] - Retrying test goToYahoo with status FAILURE for the 2 times.
]]></system-out>
  </testcase>
  <testcase name="goToYahoo" classname="core.test_scripts.Test_1" time="0">
    <skipped message="expected [true] but found [false]"/>
    <system-out><![CDATA[10-04-2019 09:24:42 :: [core.helpers.listener.ExtentListener - onTestSkipped][WARN ] - goToYahoo Test Skipped java.lang.AssertionError: expected [true] but found [false]
10-04-2019 09:24:42 :: [core.test_base.TestBase - afterMethod][INFO ] - <<Skipping...>>>
10-04-2019 09:24:42 :: [core.helpers.listener.ExtentListener - onTestStart][INFO ] - goToYahoo Test Started 
10-04-2019 09:24:50 :: [core.helpers.assertion.AssertionHelper - makeFalse][INFO ] - Making script FAIL..
10-04-2019 09:24:50 :: [core.helpers.listener.Retry - retry][INFO ] - Retrying test goToYahoo with status FAILURE for the 3 times.
]]></system-out>
  </testcase>
  <testcase name="goToYahoo" classname="core.test_scripts.Test_1" time="66.027">
    <failure message="expected [true] but found [false]" type="java.lang.AssertionError">java.lang.AssertionError: expected [true] but found [false]
	at core.test_scripts.Test_1.goToYahoo(Test_1.java:60)
</failure>
    <system-out><![CDATA[10-04-2019 09:24:50 :: [core.helpers.listener.ExtentListener - onTestSkipped][WARN ] - goToYahoo Test Skipped java.lang.AssertionError: expected [true] but found [false]
10-04-2019 09:24:50 :: [core.test_base.TestBase - afterMethod][INFO ] - <<Skipping...>>>
10-04-2019 09:24:50 :: [core.helpers.listener.ExtentListener - onTestStart][INFO ] - goToYahoo Test Started 
10-04-2019 09:25:56 :: [core.helpers.assertion.AssertionHelper - makeFalse][INFO ] - Making script FAIL..
]]></system-out>
  </testcase>
  <testcase name="goToYahoo" classname="core.test_scripts.Test_1" time="14.53">
    <failure message="expected [true] but found [false]" type="java.lang.AssertionError">java.lang.AssertionError: expected [true] but found [false]
	at core.test_scripts.Test_1.goToYahoo(Test_1.java:60)
</failure>
    <system-out><![CDATA[10-04-2019 09:26:25 :: [core.helpers.listener.ExtentListener - onTestSuccess][INFO ] - goToGoogle Test Passed 
10-04-2019 09:26:26 :: [core.test_base.TestBase - captureScreenShot][INFO ] - Taking a pass <<<<<<<<<===============>>>>>>>>>>>
/Users/Stan/IdeaProjects/workablereposelenium\src\main\java\core\screenshots\/goToGoogle_04_10_2019_09_26_25.png
10-04-2019 09:26:26 :: [core.test_base.TestBase - afterMethod][INFO ] - <<Adding ScreenShot...>>>
10-04-2019 09:26:26 :: [core.helpers.listener.ExtentListener - onTestStart][INFO ] - goToYahoo Test Started 
10-04-2019 09:26:41 :: [core.helpers.assertion.AssertionHelper - makeFalse][INFO ] - Making script FAIL..
]]></system-out>
    <system-err><![CDATA[java.nio.file.NoSuchFileException: /Users/Stan/IdeaProjects/workablereposelenium\src\main\java\core\screenshots\/goToGoogle_04_10_2019_09_26_25.png
	at sun.nio.fs.UnixException.translateToIOException(UnixException.java:86)
	at sun.nio.fs.UnixException.rethrowAsIOException(UnixException.java:102)
	at sun.nio.fs.UnixException.rethrowAsIOException(UnixException.java:107)
	at sun.nio.fs.UnixCopyFile.copyFile(UnixCopyFile.java:243)
	at sun.nio.fs.UnixCopyFile.copy(UnixCopyFile.java:581)
	at sun.nio.fs.UnixFileSystemProvider.copy(UnixFileSystemProvider.java:253)
	at java.nio.file.Files.copy(Files.java:1274)
	at core.test_base.TestBase.captureScreenShot(TestBase.java:197)
	at core.test_base.TestBase.afterMethod(TestBase.java:118)
	at sun.reflect.GeneratedMethodAccessor58.invoke(Unknown Source)
	at sun.reflect.DelegatingMethodAccessorImpl.invoke(DelegatingMethodAccessorImpl.java:43)
	at java.lang.reflect.Method.invoke(Method.java:498)
	at org.testng.internal.MethodInvocationHelper.invokeMethod(MethodInvocationHelper.java:124)
	at org.testng.internal.MethodInvocationHelper.invokeMethodConsideringTimeout(MethodInvocationHelper.java:59)
	at org.testng.internal.Invoker.invokeConfigurationMethod(Invoker.java:458)
	at org.testng.internal.Invoker.invokeConfigurations(Invoker.java:222)
	at org.testng.internal.Invoker.invokeMethod(Invoker.java:646)
	at org.testng.internal.Invoker.invokeTestMethod(Invoker.java:719)
	at org.testng.internal.Invoker.invokeTestMethods(Invoker.java:989)
	at org.testng.internal.TestMethodWorker.invokeTestMethods(TestMethodWorker.java:125)
	at org.testng.internal.TestMethodWorker.run(TestMethodWorker.java:109)
	at org.testng.TestRunner.privateRun(TestRunner.java:648)
	at org.testng.TestRunner.run(TestRunner.java:505)
	at org.testng.SuiteRunner.runTest(SuiteRunner.java:455)
	at org.testng.SuiteRunner.runSequentially(SuiteRunner.java:450)
	at org.testng.SuiteRunner.privateRun(SuiteRunner.java:415)
	at org.testng.SuiteRunner.run(SuiteRunner.java:364)
	at org.testng.SuiteRunnerWorker.runSuite(SuiteRunnerWorker.java:52)
	at org.testng.SuiteRunnerWorker.run(SuiteRunnerWorker.java:84)
	at org.testng.TestNG.runSuitesSequentially(TestNG.java:1208)
	at org.testng.TestNG.runSuitesLocally(TestNG.java:1137)
	at org.testng.TestNG.runSuites(TestNG.java:1049)
	at org.testng.TestNG.run(TestNG.java:1017)
	at org.apache.maven.surefire.testng.TestNGExecutor.run(TestNGExecutor.java:283)
	at org.apache.maven.surefire.testng.TestNGXmlTestSuite.execute(TestNGXmlTestSuite.java:75)
	at org.apache.maven.surefire.testng.TestNGProvider.invoke(TestNGProvider.java:120)
	at org.apache.maven.surefire.booter.ForkedBooter.invokeProviderInSameClassLoader(ForkedBooter.java:384)
	at org.apache.maven.surefire.booter.ForkedBooter.runSuitesInProcess(ForkedBooter.java:345)
	at org.apache.maven.surefire.booter.ForkedBooter.execute(ForkedBooter.java:126)
	at org.apache.maven.surefire.booter.ForkedBooter.main(ForkedBooter.java:418)
]]></system-err>
  </testcase>
  <testcase name="goToYouTube" classname="core.test_scripts.Test_1" time="8.213"/>
  <testcase name="goToYouTube" classname="core.test_scripts.Test_1" time="8.176"/>
  <testcase name="goToFacebook" classname="core.test_scripts.Test_2" time="0">
    <skipped/>
    <system-out><![CDATA[10-04-2019 09:26:06 :: [core.helpers.listener.ExtentListener - onTestSuccess][INFO ] - goToYouTube Test Passed 
10-04-2019 09:26:07 :: [core.test_base.TestBase - captureScreenShot][INFO ] - Taking a pass <<<<<<<<<===============>>>>>>>>>>>
/Users/Stan/IdeaProjects/workablereposelenium\src\main\java\core\screenshots\/goToYouTube_04_10_2019_09_26_06.png
10-04-2019 09:26:07 :: [core.test_base.TestBase - afterMethod][INFO ] - <<Adding ScreenShot...>>>
10-04-2019 09:26:07 :: [core.helpers.listener.ExtentListener - onTestStart][INFO ] - goToFacebook Test Started 
10-04-2019 09:26:07 :: [core.helpers.listener.Retry - retry][INFO ] - Retrying test goToFacebook with status FAILURE for the 1 times.
]]></system-out>
    <system-err><![CDATA[java.nio.file.NoSuchFileException: /Users/Stan/IdeaProjects/workablereposelenium\src\main\java\core\screenshots\/goToYouTube_04_10_2019_09_26_06.png
	at sun.nio.fs.UnixException.translateToIOException(UnixException.java:86)
	at sun.nio.fs.UnixException.rethrowAsIOException(UnixException.java:102)
	at sun.nio.fs.UnixException.rethrowAsIOException(UnixException.java:107)
	at sun.nio.fs.UnixCopyFile.copyFile(UnixCopyFile.java:243)
	at sun.nio.fs.UnixCopyFile.copy(UnixCopyFile.java:581)
	at sun.nio.fs.UnixFileSystemProvider.copy(UnixFileSystemProvider.java:253)
	at java.nio.file.Files.copy(Files.java:1274)
	at core.test_base.TestBase.captureScreenShot(TestBase.java:197)
	at core.test_base.TestBase.afterMethod(TestBase.java:118)
	at sun.reflect.NativeMethodAccessorImpl.invoke0(Native Method)
	at sun.reflect.NativeMethodAccessorImpl.invoke(NativeMethodAccessorImpl.java:62)
	at sun.reflect.DelegatingMethodAccessorImpl.invoke(DelegatingMethodAccessorImpl.java:43)
	at java.lang.reflect.Method.invoke(Method.java:498)
	at org.testng.internal.MethodInvocationHelper.invokeMethod(MethodInvocationHelper.java:124)
	at org.testng.internal.MethodInvocationHelper.invokeMethodConsideringTimeout(MethodInvocationHelper.java:59)
	at org.testng.internal.Invoker.invokeConfigurationMethod(Invoker.java:458)
	at org.testng.internal.Invoker.invokeConfigurations(Invoker.java:222)
	at org.testng.internal.Invoker.invokeMethod(Invoker.java:646)
	at org.testng.internal.Invoker.invokeTestMethod(Invoker.java:719)
	at org.testng.internal.Invoker.invokeTestMethods(Invoker.java:989)
	at org.testng.internal.TestMethodWorker.invokeTestMethods(TestMethodWorker.java:125)
	at org.testng.internal.TestMethodWorker.run(TestMethodWorker.java:109)
	at org.testng.TestRunner.privateRun(TestRunner.java:648)
	at org.testng.TestRunner.run(TestRunner.java:505)
	at org.testng.SuiteRunner.runTest(SuiteRunner.java:455)
	at org.testng.SuiteRunner.runSequentially(SuiteRunner.java:450)
	at org.testng.SuiteRunner.privateRun(SuiteRunner.java:415)
	at org.testng.SuiteRunner.run(SuiteRunner.java:364)
	at org.testng.SuiteRunnerWorker.runSuite(SuiteRunnerWorker.java:52)
	at org.testng.SuiteRunnerWorker.run(SuiteRunnerWorker.java:84)
	at org.testng.TestNG.runSuitesSequentially(TestNG.java:1208)
	at org.testng.TestNG.runSuitesLocally(TestNG.java:1137)
	at org.testng.TestNG.runSuites(TestNG.java:1049)
	at org.testng.TestNG.run(TestNG.java:1017)
	at org.apache.maven.surefire.testng.TestNGExecutor.run(TestNGExecutor.java:283)
	at org.apache.maven.surefire.testng.TestNGXmlTestSuite.execute(TestNGXmlTestSuite.java:75)
	at org.apache.maven.surefire.testng.TestNGProvider.invoke(TestNGProvider.java:120)
	at org.apache.maven.surefire.booter.ForkedBooter.invokeProviderInSameClassLoader(ForkedBooter.java:384)
	at org.apache.maven.surefire.booter.ForkedBooter.runSuitesInProcess(ForkedBooter.java:345)
	at org.apache.maven.surefire.booter.ForkedBooter.execute(ForkedBooter.java:126)
	at org.apache.maven.surefire.booter.ForkedBooter.main(ForkedBooter.java:418)
]]></system-err>
  </testcase>
  <testcase name="goToFacebook" classname="core.test_scripts.Test_2" time="0">
    <skipped/>
    <system-out><![CDATA[10-04-2019 09:26:07 :: [core.helpers.listener.ExtentListener - onTestSkipped][WARN ] - goToFacebook Test Skipped java.lang.NullPointerException
10-04-2019 09:26:07 :: [core.test_base.TestBase - afterMethod][INFO ] - <<Skipping...>>>
10-04-2019 09:26:08 :: [core.helpers.listener.ExtentListener - onTestStart][INFO ] - goToFacebook Test Started 
10-04-2019 09:26:08 :: [core.helpers.listener.Retry - retry][INFO ] - Retrying test goToFacebook with status FAILURE for the 2 times.
]]></system-out>
  </testcase>
  <testcase name="goToFacebook" classname="core.test_scripts.Test_2" time="0">
    <skipped/>
    <system-out><![CDATA[10-04-2019 09:26:08 :: [core.helpers.listener.ExtentListener - onTestSkipped][WARN ] - goToFacebook Test Skipped java.lang.NullPointerException
10-04-2019 09:26:08 :: [core.test_base.TestBase - afterMethod][INFO ] - <<Skipping...>>>
10-04-2019 09:26:08 :: [core.helpers.listener.ExtentListener - onTestStart][INFO ] - goToFacebook Test Started 
10-04-2019 09:26:08 :: [core.helpers.listener.Retry - retry][INFO ] - Retrying test goToFacebook with status FAILURE for the 3 times.
]]></system-out>
  </testcase>
  <testcase name="goToFacebook" classname="core.test_scripts.Test_2" time="0.002">
    <failure type="java.lang.NullPointerException">java.lang.NullPointerException
	at core.test_scripts.Test_2.goToFacebook(Test_2.java:25)
</failure>
    <system-out><![CDATA[10-04-2019 09:26:08 :: [core.helpers.listener.ExtentListener - onTestSkipped][WARN ] - goToFacebook Test Skipped java.lang.NullPointerException
10-04-2019 09:26:08 :: [core.test_base.TestBase - afterMethod][INFO ] - <<Skipping...>>>
10-04-2019 09:26:08 :: [core.helpers.listener.ExtentListener - onTestStart][INFO ] - goToFacebook Test Started 
]]></system-out>
  </testcase>
  <testcase name="goToFacebook" classname="core.test_scripts.Test_2" time="0.001">
    <failure type="java.lang.NullPointerException">java.lang.NullPointerException
	at core.test_scripts.Test_2.goToFacebook(Test_2.java:25)
</failure>
    <system-out><![CDATA[10-04-2019 09:26:50 :: [core.helpers.listener.ExtentListener - onTestSuccess][INFO ] - goToYouTube Test Passed 
10-04-2019 09:26:51 :: [core.test_base.TestBase - captureScreenShot][INFO ] - Taking a pass <<<<<<<<<===============>>>>>>>>>>>
/Users/Stan/IdeaProjects/workablereposelenium\src\main\java\core\screenshots\/goToYouTube_04_10_2019_09_26_50.png
10-04-2019 09:26:51 :: [core.test_base.TestBase - afterMethod][INFO ] - <<Adding ScreenShot...>>>
10-04-2019 09:26:52 :: [core.helpers.listener.ExtentListener - onTestStart][INFO ] - goToFacebook Test Started 
]]></system-out>
    <system-err><![CDATA[java.nio.file.NoSuchFileException: /Users/Stan/IdeaProjects/workablereposelenium\src\main\java\core\screenshots\/goToYouTube_04_10_2019_09_26_50.png
	at sun.nio.fs.UnixException.translateToIOException(UnixException.java:86)
	at sun.nio.fs.UnixException.rethrowAsIOException(UnixException.java:102)
	at sun.nio.fs.UnixException.rethrowAsIOException(UnixException.java:107)
	at sun.nio.fs.UnixCopyFile.copyFile(UnixCopyFile.java:243)
	at sun.nio.fs.UnixCopyFile.copy(UnixCopyFile.java:581)
	at sun.nio.fs.UnixFileSystemProvider.copy(UnixFileSystemProvider.java:253)
	at java.nio.file.Files.copy(Files.java:1274)
	at core.test_base.TestBase.captureScreenShot(TestBase.java:197)
	at core.test_base.TestBase.afterMethod(TestBase.java:118)
	at sun.reflect.GeneratedMethodAccessor58.invoke(Unknown Source)
	at sun.reflect.DelegatingMethodAccessorImpl.invoke(DelegatingMethodAccessorImpl.java:43)
	at java.lang.reflect.Method.invoke(Method.java:498)
	at org.testng.internal.MethodInvocationHelper.invokeMethod(MethodInvocationHelper.java:124)
	at org.testng.internal.MethodInvocationHelper.invokeMethodConsideringTimeout(MethodInvocationHelper.java:59)
	at org.testng.internal.Invoker.invokeConfigurationMethod(Invoker.java:458)
	at org.testng.internal.Invoker.invokeConfigurations(Invoker.java:222)
	at org.testng.internal.Invoker.invokeMethod(Invoker.java:646)
	at org.testng.internal.Invoker.invokeTestMethod(Invoker.java:719)
	at org.testng.internal.Invoker.invokeTestMethods(Invoker.java:989)
	at org.testng.internal.TestMethodWorker.invokeTestMethods(TestMethodWorker.java:125)
	at org.testng.internal.TestMethodWorker.run(TestMethodWorker.java:109)
	at org.testng.TestRunner.privateRun(TestRunner.java:648)
	at org.testng.TestRunner.run(TestRunner.java:505)
	at org.testng.SuiteRunner.runTest(SuiteRunner.java:455)
	at org.testng.SuiteRunner.runSequentially(SuiteRunner.java:450)
	at org.testng.SuiteRunner.privateRun(SuiteRunner.java:415)
	at org.testng.SuiteRunner.run(SuiteRunner.java:364)
	at org.testng.SuiteRunnerWorker.runSuite(SuiteRunnerWorker.java:52)
	at org.testng.SuiteRunnerWorker.run(SuiteRunnerWorker.java:84)
	at org.testng.TestNG.runSuitesSequentially(TestNG.java:1208)
	at org.testng.TestNG.runSuitesLocally(TestNG.java:1137)
	at org.testng.TestNG.runSuites(TestNG.java:1049)
	at org.testng.TestNG.run(TestNG.java:1017)
	at org.apache.maven.surefire.testng.TestNGExecutor.run(TestNGExecutor.java:283)
	at org.apache.maven.surefire.testng.TestNGXmlTestSuite.execute(TestNGXmlTestSuite.java:75)
	at org.apache.maven.surefire.testng.TestNGProvider.invoke(TestNGProvider.java:120)
	at org.apache.maven.surefire.booter.ForkedBooter.invokeProviderInSameClassLoader(ForkedBooter.java:384)
	at org.apache.maven.surefire.booter.ForkedBooter.runSuitesInProcess(ForkedBooter.java:345)
	at org.apache.maven.surefire.booter.ForkedBooter.execute(ForkedBooter.java:126)
	at org.apache.maven.surefire.booter.ForkedBooter.main(ForkedBooter.java:418)
]]></system-err>
  </testcase>
  <testcase name="goToGoogle" classname="core.test_scripts.Test_2" time="0">
    <skipped/>
    <system-out><![CDATA[10-04-2019 09:26:08 :: [core.helpers.listener.ExtentListener - onTestFailure][ERROR] - goToFacebook Test Failed java.lang.NullPointerException
10-04-2019 09:26:08 :: [core.test_base.TestBase - captureScreenShot][INFO ] - Driver is null...
10-04-2019 09:26:08 :: [core.test_base.TestBase - afterMethod][INFO ] - <<< ******************************************************* >>>
10-04-2019 09:26:08 :: [core.helpers.listener.ExtentListener - onTestStart][INFO ] - goToGoogle Test Started 
10-04-2019 09:26:08 :: [core.helpers.listener.Retry - retry][INFO ] - Retrying test goToGoogle with status FAILURE for the 1 times.
]]></system-out>
  </testcase>
  <testcase name="goToGoogle" classname="core.test_scripts.Test_2" time="0">
    <skipped/>
    <system-out><![CDATA[10-04-2019 09:26:08 :: [core.helpers.listener.ExtentListener - onTestSkipped][WARN ] - goToGoogle Test Skipped java.lang.NullPointerException
10-04-2019 09:26:08 :: [core.test_base.TestBase - afterMethod][INFO ] - <<Skipping...>>>
10-04-2019 09:26:08 :: [core.helpers.listener.ExtentListener - onTestStart][INFO ] - goToGoogle Test Started 
10-04-2019 09:26:08 :: [core.helpers.listener.Retry - retry][INFO ] - Retrying test goToGoogle with status FAILURE for the 2 times.
]]></system-out>
  </testcase>
  <testcase name="goToGoogle" classname="core.test_scripts.Test_2" time="0">
    <skipped/>
    <system-out><![CDATA[10-04-2019 09:26:08 :: [core.helpers.listener.ExtentListener - onTestSkipped][WARN ] - goToGoogle Test Skipped java.lang.NullPointerException
10-04-2019 09:26:08 :: [core.test_base.TestBase - afterMethod][INFO ] - <<Skipping...>>>
10-04-2019 09:26:08 :: [core.helpers.listener.ExtentListener - onTestStart][INFO ] - goToGoogle Test Started 
10-04-2019 09:26:08 :: [core.helpers.listener.Retry - retry][INFO ] - Retrying test goToGoogle with status FAILURE for the 3 times.
]]></system-out>
  </testcase>
  <testcase name="goToGoogle" classname="core.test_scripts.Test_2" time="0.002">
    <failure type="java.lang.NullPointerException">java.lang.NullPointerException
	at core.test_scripts.Test_2.goToGoogle(Test_2.java:17)
</failure>
    <system-out><![CDATA[10-04-2019 09:26:08 :: [core.helpers.listener.ExtentListener - onTestSkipped][WARN ] - goToGoogle Test Skipped java.lang.NullPointerException
10-04-2019 09:26:08 :: [core.test_base.TestBase - afterMethod][INFO ] - <<Skipping...>>>
10-04-2019 09:26:08 :: [core.helpers.listener.ExtentListener - onTestStart][INFO ] - goToGoogle Test Started 
]]></system-out>
  </testcase>
  <testcase name="goToGoogle" classname="core.test_scripts.Test_2" time="0">
    <failure type="java.lang.NullPointerException">java.lang.NullPointerException
	at core.test_scripts.Test_2.goToGoogle(Test_2.java:17)
</failure>
    <system-out><![CDATA[10-04-2019 09:26:52 :: [core.helpers.listener.ExtentListener - onTestFailure][ERROR] - goToFacebook Test Failed java.lang.NullPointerException
10-04-2019 09:26:52 :: [core.test_base.TestBase - captureScreenShot][INFO ] - Driver is null...
10-04-2019 09:26:52 :: [core.test_base.TestBase - afterMethod][INFO ] - <<< ******************************************************* >>>
10-04-2019 09:26:52 :: [core.helpers.listener.ExtentListener - onTestStart][INFO ] - goToGoogle Test Started 
]]></system-out>
  </testcase>
  <testcase name="goToYahoo" classname="core.test_scripts.Test_2" time="0">
    <skipped/>
    <system-out><![CDATA[10-04-2019 09:26:08 :: [core.helpers.listener.ExtentListener - onTestFailure][ERROR] - goToGoogle Test Failed java.lang.NullPointerException
10-04-2019 09:26:08 :: [core.test_base.TestBase - captureScreenShot][INFO ] - Driver is null...
10-04-2019 09:26:08 :: [core.test_base.TestBase - afterMethod][INFO ] - <<< ******************************************************* >>>
10-04-2019 09:26:08 :: [core.helpers.listener.ExtentListener - onTestStart][INFO ] - goToYahoo Test Started 
10-04-2019 09:26:08 :: [core.helpers.listener.Retry - retry][INFO ] - Retrying test goToYahoo with status FAILURE for the 1 times.
]]></system-out>
  </testcase>
  <testcase name="goToYahoo" classname="core.test_scripts.Test_2" time="0">
    <skipped/>
    <system-out><![CDATA[10-04-2019 09:26:08 :: [core.helpers.listener.ExtentListener - onTestSkipped][WARN ] - goToYahoo Test Skipped java.lang.NullPointerException
10-04-2019 09:26:08 :: [core.test_base.TestBase - afterMethod][INFO ] - <<Skipping...>>>
10-04-2019 09:26:08 :: [core.helpers.listener.ExtentListener - onTestStart][INFO ] - goToYahoo Test Started 
10-04-2019 09:26:08 :: [core.helpers.listener.Retry - retry][INFO ] - Retrying test goToYahoo with status FAILURE for the 2 times.
]]></system-out>
  </testcase>
  <testcase name="goToYahoo" classname="core.test_scripts.Test_2" time="0">
    <skipped/>
    <system-out><![CDATA[10-04-2019 09:26:08 :: [core.helpers.listener.ExtentListener - onTestSkipped][WARN ] - goToYahoo Test Skipped java.lang.NullPointerException
10-04-2019 09:26:08 :: [core.test_base.TestBase - afterMethod][INFO ] - <<Skipping...>>>
10-04-2019 09:26:08 :: [core.helpers.listener.ExtentListener - onTestStart][INFO ] - goToYahoo Test Started 
10-04-2019 09:26:08 :: [core.helpers.listener.Retry - retry][INFO ] - Retrying test goToYahoo with status FAILURE for the 3 times.
]]></system-out>
  </testcase>
  <testcase name="goToYahoo" classname="core.test_scripts.Test_2" time="0.001">
    <failure type="java.lang.NullPointerException">java.lang.NullPointerException
	at core.test_scripts.Test_2.goToYahoo(Test_2.java:33)
</failure>
    <system-out><![CDATA[10-04-2019 09:26:08 :: [core.helpers.listener.ExtentListener - onTestSkipped][WARN ] - goToYahoo Test Skipped java.lang.NullPointerException
10-04-2019 09:26:08 :: [core.test_base.TestBase - afterMethod][INFO ] - <<Skipping...>>>
10-04-2019 09:26:08 :: [core.helpers.listener.ExtentListener - onTestStart][INFO ] - goToYahoo Test Started 
]]></system-out>
  </testcase>
  <testcase name="goToYahoo" classname="core.test_scripts.Test_2" time="0.001">
    <failure type="java.lang.NullPointerException">java.lang.NullPointerException
	at core.test_scripts.Test_2.goToYahoo(Test_2.java:33)
</failure>
    <system-out><![CDATA[10-04-2019 09:26:52 :: [core.helpers.listener.ExtentListener - onTestFailure][ERROR] - goToGoogle Test Failed java.lang.NullPointerException
10-04-2019 09:26:52 :: [core.test_base.TestBase - captureScreenShot][INFO ] - Driver is null...
10-04-2019 09:26:52 :: [core.test_base.TestBase - afterMethod][INFO ] - <<< ******************************************************* >>>
10-04-2019 09:26:52 :: [core.helpers.listener.ExtentListener - onTestStart][INFO ] - goToYahoo Test Started 
]]></system-out>
  </testcase>
  <testcase name="goToYouTube" classname="core.test_scripts.Test_2" time="0">
    <skipped/>
    <system-out><![CDATA[10-04-2019 09:26:08 :: [core.helpers.listener.ExtentListener - onTestFailure][ERROR] - goToYahoo Test Failed java.lang.NullPointerException
10-04-2019 09:26:08 :: [core.test_base.TestBase - captureScreenShot][INFO ] - Driver is null...
10-04-2019 09:26:08 :: [core.test_base.TestBase - afterMethod][INFO ] - <<< ******************************************************* >>>
10-04-2019 09:26:08 :: [core.helpers.listener.ExtentListener - onTestStart][INFO ] - goToYouTube Test Started 
10-04-2019 09:26:08 :: [core.helpers.listener.Retry - retry][INFO ] - Retrying test goToYouTube with status FAILURE for the 1 times.
]]></system-out>
  </testcase>
  <testcase name="goToYouTube" classname="core.test_scripts.Test_2" time="0">
    <skipped/>
    <system-out><![CDATA[10-04-2019 09:26:08 :: [core.helpers.listener.ExtentListener - onTestSkipped][WARN ] - goToYouTube Test Skipped java.lang.NullPointerException
10-04-2019 09:26:08 :: [core.test_base.TestBase - afterMethod][INFO ] - <<Skipping...>>>
10-04-2019 09:26:08 :: [core.helpers.listener.ExtentListener - onTestStart][INFO ] - goToYouTube Test Started 
10-04-2019 09:26:08 :: [core.helpers.listener.Retry - retry][INFO ] - Retrying test goToYouTube with status FAILURE for the 2 times.
]]></system-out>
  </testcase>
  <testcase name="goToYouTube" classname="core.test_scripts.Test_2" time="0">
    <skipped/>
    <system-out><![CDATA[10-04-2019 09:26:08 :: [core.helpers.listener.ExtentListener - onTestSkipped][WARN ] - goToYouTube Test Skipped java.lang.NullPointerException
10-04-2019 09:26:08 :: [core.test_base.TestBase - afterMethod][INFO ] - <<Skipping...>>>
10-04-2019 09:26:08 :: [core.helpers.listener.ExtentListener - onTestStart][INFO ] - goToYouTube Test Started 
10-04-2019 09:26:08 :: [core.helpers.listener.Retry - retry][INFO ] - Retrying test goToYouTube with status FAILURE for the 3 times.
]]></system-out>
  </testcase>
  <testcase name="goToYouTube" classname="core.test_scripts.Test_2" time="0.002">
    <failure type="java.lang.NullPointerException">java.lang.NullPointerException
	at core.test_scripts.Test_2.goToYouTube(Test_2.java:41)
</failure>
    <system-out><![CDATA[10-04-2019 09:26:08 :: [core.helpers.listener.ExtentListener - onTestSkipped][WARN ] - goToYouTube Test Skipped java.lang.NullPointerException
10-04-2019 09:26:08 :: [core.test_base.TestBase - afterMethod][INFO ] - <<Skipping...>>>
10-04-2019 09:26:08 :: [core.helpers.listener.ExtentListener - onTestStart][INFO ] - goToYouTube Test Started 
]]></system-out>
  </testcase>
  <testcase name="goToYouTube" classname="core.test_scripts.Test_2" time="0">
    <failure type="java.lang.NullPointerException">java.lang.NullPointerException
	at core.test_scripts.Test_2.goToYouTube(Test_2.java:41)
</failure>
    <system-out><![CDATA[10-04-2019 09:26:52 :: [core.helpers.listener.ExtentListener - onTestFailure][ERROR] - goToYahoo Test Failed java.lang.NullPointerException
10-04-2019 09:26:52 :: [core.test_base.TestBase - captureScreenShot][INFO ] - Driver is null...
10-04-2019 09:26:52 :: [core.test_base.TestBase - afterMethod][INFO ] - <<< ******************************************************* >>>
10-04-2019 09:26:52 :: [core.helpers.listener.ExtentListener - onTestStart][INFO ] - goToYouTube Test Started 
]]></system-out>
  </testcase>
</testsuite>